<?xml version="1.0" encoding="UTF-8"?>
<!-- Generated by org.testng.reporters.JUnitReportReporter -->
<testsuite name="com.learningTestNG.TestNG_Grouping" tests="3" time="0.031" ignored="0" failures="0" timestamp="21 Feb 2022 04:34:37 GMT" skipped="0" hostname="DESKTOP-N0P4MRI" errors="0">
  <testcase name="feature1" time="0.031" classname="com.learningTestNG.TestNG_Grouping"/>
  <testcase name="feature2" time="0.000" classname="com.learningTestNG.TestNG_Grouping"/>
  <testcase name="feature3" time="0.000" classname="com.learningTestNG.TestNG_Grouping"/>
</testsuite> <!-- com.learningTestNG.TestNG_Grouping -->
