<?xml version="1.0" encoding="UTF-8"?>
<!-- Generated by org.testng.reporters.JUnitReportReporter -->
<testsuite name="com.learningTestNG.testNG_Anotation_2" tests="1" time="0.000" ignored="0" failures="0" timestamp="15 Feb 2022 06:58:58 GMT" skipped="0" hostname="DESKTOP-N0P4MRI" errors="0">
  <testcase name="test3" time="0.000" classname="com.learningTestNG.testNG_Anotation_2"/>
</testsuite> <!-- com.learningTestNG.testNG_Anotation_2 -->
