<?xml version="1.0" encoding="UTF-8"?>
<!-- Generated by org.testng.reporters.JUnitReportReporter -->
<testsuite name="com.learningTestNG.SignUpTest" tests="3" time="0.000" ignored="0" failures="0" timestamp="16 Feb 2022 06:29:54 GMT" skipped="0" hostname="DESKTOP-N0P4MRI" errors="0">
  <testcase name="SignUpviaEmail" time="0.000" classname="com.learningTestNG.SignUpTest"/>
  <testcase name="SignUpviaFacebook" time="0.000" classname="com.learningTestNG.SignUpTest"/>
  <testcase name="SignUpviaTwitter" time="0.000" classname="com.learningTestNG.SignUpTest"/>
</testsuite> <!-- com.learningTestNG.SignUpTest -->
