<?xml version="1.0" encoding="UTF-8"?>
<!-- Generated by org.testng.reporters.JUnitReportReporter -->
<testsuite name="com.learningTestNG.LoginTest" tests="3" time="0.016" ignored="0" failures="0" timestamp="16 Feb 2022 07:47:58 GMT" skipped="0" hostname="DESKTOP-N0P4MRI" errors="0">
  <testcase name="LoginviaTwitter" time="0.000" classname="com.learningTestNG.LoginTest"/>
  <testcase name="LoginviaEmail" time="0.015" classname="com.learningTestNG.LoginTest"/>
  <testcase name="LoginviaFacebook" time="0.001" classname="com.learningTestNG.LoginTest"/>
</testsuite> <!-- com.learningTestNG.LoginTest -->
