<?xml version="1.0" encoding="UTF-8"?>
<!-- Generated by org.testng.reporters.JUnitReportReporter -->
<testsuite name="com.learningTestNG.PaymentTeat" tests="2" time="0.016" ignored="0" failures="0" timestamp="18 Mar 2022 03:43:11 GMT" skipped="0" hostname="DESKTOP-N0P4MRI" errors="0">
  <testcase name="PaymentInDollar" time="0.015" classname="com.learningTestNG.PaymentTeat"/>
  <testcase name="PaymentInRupee" time="0.001" classname="com.learningTestNG.PaymentTeat"/>
</testsuite> <!-- com.learningTestNG.PaymentTeat -->
