<?xml version="1.0" encoding="UTF-8"?>
<!-- Generated by org.testng.reporters.JUnitReportReporter -->
<testsuite name="com.learningTestNG.PaymentReturn" tests="1" time="0.000" ignored="0" failures="0" timestamp="16 Feb 2022 06:29:54 GMT" skipped="0" hostname="DESKTOP-N0P4MRI" errors="0">
  <testcase name="paymentReturnedByBank" time="0.000" classname="com.learningTestNG.PaymentReturn"/>
</testsuite> <!-- com.learningTestNG.PaymentReturn -->
