<?xml version="1.0" encoding="UTF-8"?>
<!-- Generated by org.testng.reporters.JUnitReportReporter -->
<testsuite name="com.learningTestNG.Login_Omkar" tests="2" time="0.031" ignored="0" failures="0" timestamp="18 Feb 2022 13:38:38 GMT" skipped="0" hostname="DESKTOP-N0P4MRI" errors="0">
  <testcase name="loginWithEmail" time="0.016" classname="com.learningTestNG.Login_Omkar"/>
  <testcase name="loginWithFacebook" time="0.015" classname="com.learningTestNG.Login_Omkar"/>
</testsuite> <!-- com.learningTestNG.Login_Omkar -->
