<?xml version="1.0" encoding="UTF-8"?>
<!-- Generated by org.testng.reporters.JUnitReportReporter -->
<testsuite name="com.learningTestNG.LearningParameters" tests="1" time="0.018" ignored="0" failures="0" timestamp="16 Feb 2022 10:14:05 GMT" skipped="0" hostname="DESKTOP-N0P4MRI" errors="0">
  <testcase name="login" time="0.018" classname="com.learningTestNG.LearningParameters"/>
</testsuite> <!-- com.learningTestNG.LearningParameters -->
