<?xml version="1.0" encoding="UTF-8"?>
<!-- Generated by org.testng.reporters.JUnitReportReporter -->
<testsuite name="com.learningTestNG.DataProviders" tests="6" time="0.029" ignored="0" failures="0" timestamp="17 Feb 2022 07:00:10 GMT" skipped="0" hostname="DESKTOP-N0P4MRI" errors="0">
  <testcase name="registerUser" time="0.001" classname="com.learningTestNG.DataProviders"/>
  <testcase name="LoginUser" time="0.007" classname="com.learningTestNG.DataProviders"/>
  <testcase name="registerUser" time="0.004" classname="com.learningTestNG.DataProviders"/>
  <testcase name="LoginUser" time="0.003" classname="com.learningTestNG.DataProviders"/>
  <testcase name="registerUser" time="0.011" classname="com.learningTestNG.DataProviders"/>
  <testcase name="LoginUser" time="0.003" classname="com.learningTestNG.DataProviders"/>
</testsuite> <!-- com.learningTestNG.DataProviders -->
